# JRE version: Java(TM) SE Runtime Environment (7.0_76-b13) (build 1.7.0_76-b13)
# Java VM: Java HotSpot(TM) 64-Bit Server VM (24.76-b04 mixed mode linux-amd64 compressed oops)
Heap
 PSYoungGen      total 140288K, used 11687K [0x00000000eaa80000, 0x00000000f4500000, 0x0000000100000000)
  eden space 126464K, 0% used [0x00000000eaa80000,0x00000000eaa80000,0x00000000f2600000)
  from space 13824K, 84% used [0x00000000f2600000,0x00000000f3169f18,0x00000000f3380000)
  to   space 9728K, 0% used [0x00000000f3380000,0x00000000f3380000,0x00000000f3d00000)
 ParOldGen       total 39424K, used 38139K [0x00000000c0000000, 0x00000000c2680000, 0x00000000eaa80000)
  object space 39424K, 96% used [0x00000000c0000000,0x00000000c253ed50,0x00000000c2680000)
 PSPermGen       total 39424K, used 39360K [0x00000000b0000000, 0x00000000b2680000, 0x00000000c0000000)
  object space 39424K, 99% used [0x00000000b0000000,0x00000000b2670218,0x00000000b2680000)
GC Heap History (10 events):
Event: 9.822 GC heap after
Heap after GC invocations=10 (full 0):
 PSYoungGen      total 57344K, used 416K [0x00000000eaa80000, 0x00000000ee880000, 0x0000000100000000)
  eden space 51200K, 0% used [0x00000000eaa80000,0x00000000eaa80000,0x00000000edc80000)
  from space 6144K, 6% used [0x00000000ee280000,0x00000000ee2e8000,0x00000000ee880000)
  to   space 6144K, 0% used [0x00000000edc80000,0x00000000edc80000,0x00000000ee280000)
 ParOldGen       total 39424K, used 13004K [0x00000000c0000000, 0x00000000c2680000, 0x00000000eaa80000)
  object space 39424K, 32% used [0x00000000c0000000,0x00000000c0cb3020,0x00000000c2680000)
 PSPermGen       total 21504K, used 20044K [0x00000000b0000000, 0x00000000b1500000, 0x00000000c0000000)
  object space 21504K, 93% used [0x00000000b0000000,0x00000000b1393310,0x00000000b1500000)
}
Event: 10.480 GC heap before
{Heap before GC invocations=11 (full 0):
 PSYoungGen      total 57344K, used 51616K [0x00000000eaa80000, 0x00000000ee880000, 0x0000000100000000)
  eden space 51200K, 100% used [0x00000000eaa80000,0x00000000edc80000,0x00000000edc80000)
  from space 6144K, 6% used [0x00000000ee280000,0x00000000ee2e8000,0x00000000ee880000)
  to   space 6144K, 0% used [0x00000000edc80000,0x00000000edc80000,0x00000000ee280000)
 ParOldGen       total 39424K, used 13004K [0x00000000c0000000, 0x00000000c2680000, 0x00000000eaa80000)
  object space 39424K, 32% used [0x00000000c0000000,0x00000000c0cb3020,0x00000000c2680000)
 PSPermGen       total 22528K, used 22257K [0x00000000b0000000, 0x00000000b1600000, 0x00000000c0000000)
  object space 22528K, 98% used [0x00000000b0000000,0x00000000b15bc720,0x00000000b1600000)
Event: 10.493 GC heap after
Heap after GC invocations=11 (full 0):
 PSYoungGen      total 57344K, used 3563K [0x00000000eaa80000, 0x00000000f0680000, 0x0000000100000000)
  eden space 51200K, 0% used [0x00000000eaa80000,0x00000000eaa80000,0x00000000edc80000)
  from space 6144K, 57% used [0x00000000edc80000,0x00000000edfface0,0x00000000ee280000)
  to   space 6144K, 0% used [0x00000000f0080000,0x00000000f0080000,0x00000000f0680000)
 ParOldGen       total 39424K, used 13356K [0x00000000c0000000, 0x00000000c2680000, 0x00000000eaa80000)
  object space 39424K, 33% used [0x00000000c0000000,0x00000000c0d0b030,0x00000000c2680000)
 PSPermGen       total 22528K, used 22257K [0x00000000b0000000, 0x00000000b1600000, 0x00000000c0000000)
  object space 22528K, 98% used [0x00000000b0000000,0x00000000b15bc720,0x00000000b1600000)
}
Event: 12.718 GC heap before
{Heap before GC invocations=12 (full 0):
 PSYoungGen      total 57344K, used 54763K [0x00000000eaa80000, 0x00000000f0680000, 0x0000000100000000)
  eden space 51200K, 100% used [0x00000000eaa80000,0x00000000edc80000,0x00000000edc80000)
  from space 6144K, 57% used [0x00000000edc80000,0x00000000edfface0,0x00000000ee280000)
  to   space 6144K, 0% used [0x00000000f0080000,0x00000000f0080000,0x00000000f0680000)
 ParOldGen       total 39424K, used 13356K [0x00000000c0000000, 0x00000000c2680000, 0x00000000eaa80000)
  object space 39424K, 33% used [0x00000000c0000000,0x00000000c0d0b030,0x00000000c2680000)
 PSPermGen       total 27136K, used 26709K [0x00000000b0000000, 0x00000000b1a80000, 0x00000000c0000000)
  object space 27136K, 98% used [0x00000000b0000000,0x00000000b1a155b8,0x00000000b1a80000)
Event: 12.730 GC heap after
Heap after GC invocations=12 (full 0):
 PSYoungGen      total 87552K, used 5897K [0x00000000eaa80000, 0x00000000f0780000, 0x0000000100000000)
  eden space 81408K, 0% used [0x00000000eaa80000,0x00000000eaa80000,0x00000000efa00000)
  from space 6144K, 95% used [0x00000000f0080000,0x00000000f06426e8,0x00000000f0680000)
  to   space 6656K, 0% used [0x00000000efa00000,0x00000000efa00000,0x00000000f0080000)
 ParOldGen       total 39424K, used 15431K [0x00000000c0000000, 0x00000000c2680000, 0x00000000eaa80000)
  object space 39424K, 39% used [0x00000000c0000000,0x00000000c0f11e70,0x00000000c2680000)
 PSPermGen       total 27136K, used 26709K [0x00000000b0000000, 0x00000000b1a80000, 0x00000000c0000000)
  object space 27136K, 98% used [0x00000000b0000000,0x00000000b1a155b8,0x00000000b1a80000)
}
Event: 16.062 GC heap before
{Heap before GC invocations=13 (full 0):
 PSYoungGen      total 87552K, used 87305K [0x00000000eaa80000, 0x00000000f0780000, 0x0000000100000000)
  eden space 81408K, 100% used [0x00000000eaa80000,0x00000000efa00000,0x00000000efa00000)
  from space 6144K, 95% used [0x00000000f0080000,0x00000000f06426e8,0x00000000f0680000)
  to   space 6656K, 0% used [0x00000000efa00000,0x00000000efa00000,0x00000000f0080000)
 ParOldGen       total 39424K, used 15431K [0x00000000c0000000, 0x00000000c2680000, 0x00000000eaa80000)
  object space 39424K, 39% used [0x00000000c0000000,0x00000000c0f11e70,0x00000000c2680000)
 PSPermGen       total 31232K, used 30738K [0x00000000b0000000, 0x00000000b1e80000, 0x00000000c0000000)
  object space 31232K, 98% used [0x00000000b0000000,0x00000000b1e049f8,0x00000000b1e80000)
Event: 16.088 GC heap after
Heap after GC invocations=13 (full 0):
 PSYoungGen      total 88064K, used 6656K [0x00000000eaa80000, 0x00000000f3d00000, 0x0000000100000000)
  eden space 81408K, 0% used [0x00000000eaa80000,0x00000000eaa80000,0x00000000efa00000)
  from space 6656K, 100% used [0x00000000efa00000,0x00000000f0080000,0x00000000f0080000)
  to   space 9728K, 0% used [0x00000000f3380000,0x00000000f3380000,0x00000000f3d00000)
 ParOldGen       total 39424K, used 20587K [0x00000000c0000000, 0x00000000c2680000, 0x00000000eaa80000)
  object space 39424K, 52% used [0x00000000c0000000,0x00000000c141ae18,0x00000000c2680000)
 PSPermGen       total 31232K, used 30738K [0x00000000b0000000, 0x00000000b1e80000, 0x00000000c0000000)
  object space 31232K, 98% used [0x00000000b0000000,0x00000000b1e049f8,0x00000000b1e80000)
}
Event: 18.206 GC heap before
{Heap before GC invocations=14 (full 0):
 PSYoungGen      total 88064K, used 88064K [0x00000000eaa80000, 0x00000000f3d00000, 0x0000000100000000)
  eden space 81408K, 100% used [0x00000000eaa80000,0x00000000efa00000,0x00000000efa00000)
  from space 6656K, 100% used [0x00000000efa00000,0x00000000f0080000,0x00000000f0080000)
  to   space 9728K, 0% used [0x00000000f3380000,0x00000000f3380000,0x00000000f3d00000)
 ParOldGen       total 39424K, used 20587K [0x00000000c0000000, 0x00000000c2680000, 0x00000000eaa80000)
  object space 39424K, 52% used [0x00000000c0000000,0x00000000c141ae18,0x00000000c2680000)
 PSPermGen       total 33792K, used 33579K [0x00000000b0000000, 0x00000000b2100000, 0x00000000c0000000)
  object space 33792K, 99% used [0x00000000b0000000,0x00000000b20cadb0,0x00000000b2100000)
Event: 18.253 GC heap after
Heap after GC invocations=14 (full 0):
 PSYoungGen      total 136192K, used 9728K [0x00000000eaa80000, 0x00000000f4500000, 0x0000000100000000)
  eden space 126464K, 0% used [0x00000000eaa80000,0x00000000eaa80000,0x00000000f2600000)
  from space 9728K, 100% used [0x00000000f3380000,0x00000000f3d00000,0x00000000f3d00000)
  to   space 13824K, 0% used [0x00000000f2600000,0x00000000f2600000,0x00000000f3380000)
 ParOldGen       total 39424K, used 28407K [0x00000000c0000000, 0x00000000c2680000, 0x00000000eaa80000)
  object space 39424K, 72% used [0x00000000c0000000,0x00000000c1bbdc50,0x00000000c2680000)
 PSPermGen       total 33792K, used 33579K [0x00000000b0000000, 0x00000000b2100000, 0x00000000c0000000)
  object space 33792K, 99% used [0x00000000b0000000,0x00000000b20cadb0,0x00000000b2100000)
}
Event: 28.627 GC heap before
{Heap before GC invocations=15 (full 0):
 PSYoungGen      total 136192K, used 136192K [0x00000000eaa80000, 0x00000000f4500000, 0x0000000100000000)
  eden space 126464K, 100% used [0x00000000eaa80000,0x00000000f2600000,0x00000000f2600000)
  from space 9728K, 100% used [0x00000000f3380000,0x00000000f3d00000,0x00000000f3d00000)
  to   space 13824K, 0% used [0x00000000f2600000,0x00000000f2600000,0x00000000f3380000)
 ParOldGen       total 39424K, used 28407K [0x00000000c0000000, 0x00000000c2680000, 0x00000000eaa80000)
  object space 39424K, 72% used [0x00000000c0000000,0x00000000c1bbdc50,0x00000000c2680000)
 PSPermGen       total 39424K, used 39360K [0x00000000b0000000, 0x00000000b2680000, 0x00000000c0000000)
  object space 39424K, 99% used [0x00000000b0000000,0x00000000b2670218,0x00000000b2680000)

